<?xml version="1.0" encoding="UTF-8"?>
<!-- Generated by org.testng.reporters.JUnitXMLReporter -->
<testsuite ignored="0" hostname="RahulMahajan.local" failures="0" tests="4" name="Nopackage" time="3.326" errors="0" timestamp="2022-11-02T05:39:55 IST">
  <testcase classname="org.SampleTest" name="verifyAddPlaceAPI" time="2.237"/>
  <testcase classname="org.SampleTest" name="verifyDeletePlaceAPI" time="0.27"/>
  <testcase classname="org.SampleTest" name="verifyGetPlaceAPI" time="0.533"/>
  <testcase classname="org.SampleTest" name="verifyUpdatePlaceAPI" time="0.248"/>
</testsuite> <!-- Nopackage -->
