<?xml version="1.0" encoding="UTF-8"?>
<testsuite xmlns:xsi="http://www.w3.org/2001/XMLSchema-instance" xsi:noNamespaceSchemaLocation="https://maven.apache.org/surefire/maven-surefire-plugin/xsd/surefire-test-report-3.0.xsd" version="3.0" name="TestSuite" time="4.299" tests="4" errors="0" skipped="0" failures="0">
  <properties>
[...]
</properties>
  <testcase name="verifyAddPlaceAPI" classname="org.SampleTest" time="2.078">
    <system-out><![CDATA[Test Case started verifyAddPlaceAPI
Request method:	POST
Request URI:	https://rahulshettyacademy.com/maps/api/place/add/json?key=qaclick123
Proxy:			<none>
Request params:	<none>
Query params:	key=qaclick123
Form params:	<none>
Path params:	<none>
Headers:		Accept=*/*
				Content-Type=application/json
Cookies:		<none>
Multiparts:		<none>
Body:
{
    "location": {
        "lat": -90,
        "lng": 95
    },
    "accuracy": 90,
    "name": "Rahul Mahajan",
    "phone_number": "(91) 983 893 3937",
    "address": "13 B, side layout, cohen 09",
    "types": [
        "joker park",
        "umbrella",
        "type1",
        "type2"
    ],
    "website": "http://rahulshettyacademy.com",
    "language": "French-IN"
}
All Steps of Test are completed
Test Case Ended verifyAddPlaceAPI
]]></system-out>
    <system-err><![CDATA[javassist.NotFoundException: org.SampleTest
	at javassist.ClassPool.get(ClassPool.java:436)
	at utilities.PriorityInterceptor$1.getLineNo(PriorityInterceptor.java:25)
	at utilities.PriorityInterceptor$1.compare(PriorityInterceptor.java:35)
	at utilities.PriorityInterceptor$1.compare(PriorityInterceptor.java:17)
	at java.base/java.util.TimSort.countRunAndMakeAscending(TimSort.java:355)
	at java.base/java.util.TimSort.sort(TimSort.java:220)
	at java.base/java.util.Arrays.sort(Arrays.java:1233)
	at utilities.PriorityInterceptor.intercept(PriorityInterceptor.java:39)
	at org.testng.TestRunner.intercept(TestRunner.java:807)
	at org.testng.TestRunner.privateRun(TestRunner.java:730)
	at org.testng.TestRunner.run(TestRunner.java:596)
	at org.testng.SuiteRunner.runTest(SuiteRunner.java:377)
	at org.testng.SuiteRunner.runSequentially(SuiteRunner.java:371)
	at org.testng.SuiteRunner.privateRun(SuiteRunner.java:332)
	at org.testng.SuiteRunner.run(SuiteRunner.java:276)
	at org.testng.SuiteRunnerWorker.runSuite(SuiteRunnerWorker.java:53)
	at org.testng.SuiteRunnerWorker.run(SuiteRunnerWorker.java:96)
	at org.testng.TestNG.runSuitesSequentially(TestNG.java:1212)
	at org.testng.TestNG.runSuitesLocally(TestNG.java:1134)
	at org.testng.TestNG.runSuites(TestNG.java:1063)
	at org.testng.TestNG.run(TestNG.java:1031)
	at org.apache.maven.surefire.testng.TestNGExecutor.run(TestNGExecutor.java:324)
	at org.apache.maven.surefire.testng.TestNGXmlTestSuite.execute(TestNGXmlTestSuite.java:74)
	at org.apache.maven.surefire.testng.TestNGProvider.invoke(TestNGProvider.java:123)
	at org.apache.maven.surefire.booter.ForkedBooter.runSuitesInProcess(ForkedBooter.java:456)
	at org.apache.maven.surefire.booter.ForkedBooter.execute(ForkedBooter.java:169)
	at org.apache.maven.surefire.booter.ForkedBooter.run(ForkedBooter.java:595)
	at org.apache.maven.surefire.booter.ForkedBooter.main(ForkedBooter.java:581)
javassist.NotFoundException: org.SampleTest
	at javassist.ClassPool.get(ClassPool.java:436)
	at utilities.PriorityInterceptor$1.getLineNo(PriorityInterceptor.java:25)
	at utilities.PriorityInterceptor$1.compare(PriorityInterceptor.java:35)
	at utilities.PriorityInterceptor$1.compare(PriorityInterceptor.java:17)
	at java.base/java.util.TimSort.countRunAndMakeAscending(TimSort.java:355)
	at java.base/java.util.TimSort.sort(TimSort.java:220)
	at java.base/java.util.Arrays.sort(Arrays.java:1233)
	at utilities.PriorityInterceptor.intercept(PriorityInterceptor.java:39)
	at org.testng.TestRunner.intercept(TestRunner.java:807)
	at org.testng.TestRunner.privateRun(TestRunner.java:730)
	at org.testng.TestRunner.run(TestRunner.java:596)
	at org.testng.SuiteRunner.runTest(SuiteRunner.java:377)
	at org.testng.SuiteRunner.runSequentially(SuiteRunner.java:371)
	at org.testng.SuiteRunner.privateRun(SuiteRunner.java:332)
	at org.testng.SuiteRunner.run(SuiteRunner.java:276)
	at org.testng.SuiteRunnerWorker.runSuite(SuiteRunnerWorker.java:53)
	at org.testng.SuiteRunnerWorker.run(SuiteRunnerWorker.java:96)
	at org.testng.TestNG.runSuitesSequentially(TestNG.java:1212)
	at org.testng.TestNG.runSuitesLocally(TestNG.java:1134)
	at org.testng.TestNG.runSuites(TestNG.java:1063)
	at org.testng.TestNG.run(TestNG.java:1031)
	at org.apache.maven.surefire.testng.TestNGExecutor.run(TestNGExecutor.java:324)
	at org.apache.maven.surefire.testng.TestNGXmlTestSuite.execute(TestNGXmlTestSuite.java:74)
	at org.apache.maven.surefire.testng.TestNGProvider.invoke(TestNGProvider.java:123)
	at org.apache.maven.surefire.booter.ForkedBooter.runSuitesInProcess(ForkedBooter.java:456)
	at org.apache.maven.surefire.booter.ForkedBooter.execute(ForkedBooter.java:169)
	at org.apache.maven.surefire.booter.ForkedBooter.run(ForkedBooter.java:595)
	at org.apache.maven.surefire.booter.ForkedBooter.main(ForkedBooter.java:581)
javassist.NotFoundException: org.SampleTest
	at javassist.ClassPool.get(ClassPool.java:436)
	at utilities.PriorityInterceptor$1.getLineNo(PriorityInterceptor.java:25)
	at utilities.PriorityInterceptor$1.compare(PriorityInterceptor.java:35)
	at utilities.PriorityInterceptor$1.compare(PriorityInterceptor.java:17)
	at java.base/java.util.TimSort.countRunAndMakeAscending(TimSort.java:360)
	at java.base/java.util.TimSort.sort(TimSort.java:220)
	at java.base/java.util.Arrays.sort(Arrays.java:1233)
	at utilities.PriorityInterceptor.intercept(PriorityInterceptor.java:39)
	at org.testng.TestRunner.intercept(TestRunner.java:807)
	at org.testng.TestRunner.privateRun(TestRunner.java:730)
	at org.testng.TestRunner.run(TestRunner.java:596)
	at org.testng.SuiteRunner.runTest(SuiteRunner.java:377)
	at org.testng.SuiteRunner.runSequentially(SuiteRunner.java:371)
	at org.testng.SuiteRunner.privateRun(SuiteRunner.java:332)
	at org.testng.SuiteRunner.run(SuiteRunner.java:276)
	at org.testng.SuiteRunnerWorker.runSuite(SuiteRunnerWorker.java:53)
	at org.testng.SuiteRunnerWorker.run(SuiteRunnerWorker.java:96)
	at org.testng.TestNG.runSuitesSequentially(TestNG.java:1212)
	at org.testng.TestNG.runSuitesLocally(TestNG.java:1134)
	at org.testng.TestNG.runSuites(TestNG.java:1063)
	at org.testng.TestNG.run(TestNG.java:1031)
	at org.apache.maven.surefire.testng.TestNGExecutor.run(TestNGExecutor.java:324)
	at org.apache.maven.surefire.testng.TestNGXmlTestSuite.execute(TestNGXmlTestSuite.java:74)
	at org.apache.maven.surefire.testng.TestNGProvider.invoke(TestNGProvider.java:123)
	at org.apache.maven.surefire.booter.ForkedBooter.runSuitesInProcess(ForkedBooter.java:456)
	at org.apache.maven.surefire.booter.ForkedBooter.execute(ForkedBooter.java:169)
	at org.apache.maven.surefire.booter.ForkedBooter.run(ForkedBooter.java:595)
	at org.apache.maven.surefire.booter.ForkedBooter.main(ForkedBooter.java:581)
javassist.NotFoundException: org.SampleTest
	at javassist.ClassPool.get(ClassPool.java:436)
	at utilities.PriorityInterceptor$1.getLineNo(PriorityInterceptor.java:25)
	at utilities.PriorityInterceptor$1.compare(PriorityInterceptor.java:35)
	at utilities.PriorityInterceptor$1.compare(PriorityInterceptor.java:17)
	at java.base/java.util.TimSort.countRunAndMakeAscending(TimSort.java:360)
	at java.base/java.util.TimSort.sort(TimSort.java:220)
	at java.base/java.util.Arrays.sort(Arrays.java:1233)
	at utilities.PriorityInterceptor.intercept(PriorityInterceptor.java:39)
	at org.testng.TestRunner.intercept(TestRunner.java:807)
	at org.testng.TestRunner.privateRun(TestRunner.java:730)
	at org.testng.TestRunner.run(TestRunner.java:596)
	at org.testng.SuiteRunner.runTest(SuiteRunner.java:377)
	at org.testng.SuiteRunner.runSequentially(SuiteRunner.java:371)
	at org.testng.SuiteRunner.privateRun(SuiteRunner.java:332)
	at org.testng.SuiteRunner.run(SuiteRunner.java:276)
	at org.testng.SuiteRunnerWorker.runSuite(SuiteRunnerWorker.java:53)
	at org.testng.SuiteRunnerWorker.run(SuiteRunnerWorker.java:96)
	at org.testng.TestNG.runSuitesSequentially(TestNG.java:1212)
	at org.testng.TestNG.runSuitesLocally(TestNG.java:1134)
	at org.testng.TestNG.runSuites(TestNG.java:1063)
	at org.testng.TestNG.run(TestNG.java:1031)
	at org.apache.maven.surefire.testng.TestNGExecutor.run(TestNGExecutor.java:324)
	at org.apache.maven.surefire.testng.TestNGXmlTestSuite.execute(TestNGXmlTestSuite.java:74)
	at org.apache.maven.surefire.testng.TestNGProvider.invoke(TestNGProvider.java:123)
	at org.apache.maven.surefire.booter.ForkedBooter.runSuitesInProcess(ForkedBooter.java:456)
	at org.apache.maven.surefire.booter.ForkedBooter.execute(ForkedBooter.java:169)
	at org.apache.maven.surefire.booter.ForkedBooter.run(ForkedBooter.java:595)
	at org.apache.maven.surefire.booter.ForkedBooter.main(ForkedBooter.java:581)
javassist.NotFoundException: org.SampleTest
	at javassist.ClassPool.get(ClassPool.java:436)
	at utilities.PriorityInterceptor$1.getLineNo(PriorityInterceptor.java:25)
	at utilities.PriorityInterceptor$1.compare(PriorityInterceptor.java:35)
	at utilities.PriorityInterceptor$1.compare(PriorityInterceptor.java:17)
	at java.base/java.util.TimSort.countRunAndMakeAscending(TimSort.java:360)
	at java.base/java.util.TimSort.sort(TimSort.java:220)
	at java.base/java.util.Arrays.sort(Arrays.java:1233)
	at utilities.PriorityInterceptor.intercept(PriorityInterceptor.java:39)
	at org.testng.TestRunner.intercept(TestRunner.java:807)
	at org.testng.TestRunner.privateRun(TestRunner.java:730)
	at org.testng.TestRunner.run(TestRunner.java:596)
	at org.testng.SuiteRunner.runTest(SuiteRunner.java:377)
	at org.testng.SuiteRunner.runSequentially(SuiteRunner.java:371)
	at org.testng.SuiteRunner.privateRun(SuiteRunner.java:332)
	at org.testng.SuiteRunner.run(SuiteRunner.java:276)
	at org.testng.SuiteRunnerWorker.runSuite(SuiteRunnerWorker.java:53)
	at org.testng.SuiteRunnerWorker.run(SuiteRunnerWorker.java:96)
	at org.testng.TestNG.runSuitesSequentially(TestNG.java:1212)
	at org.testng.TestNG.runSuitesLocally(TestNG.java:1134)
	at org.testng.TestNG.runSuites(TestNG.java:1063)
	at org.testng.TestNG.run(TestNG.java:1031)
	at org.apache.maven.surefire.testng.TestNGExecutor.run(TestNGExecutor.java:324)
	at org.apache.maven.surefire.testng.TestNGXmlTestSuite.execute(TestNGXmlTestSuite.java:74)
	at org.apache.maven.surefire.testng.TestNGProvider.invoke(TestNGProvider.java:123)
	at org.apache.maven.surefire.booter.ForkedBooter.runSuitesInProcess(ForkedBooter.java:456)
	at org.apache.maven.surefire.booter.ForkedBooter.execute(ForkedBooter.java:169)
	at org.apache.maven.surefire.booter.ForkedBooter.run(ForkedBooter.java:595)
	at org.apache.maven.surefire.booter.ForkedBooter.main(ForkedBooter.java:581)
javassist.NotFoundException: org.SampleTest
	at javassist.ClassPool.get(ClassPool.java:436)
	at utilities.PriorityInterceptor$1.getLineNo(PriorityInterceptor.java:25)
	at utilities.PriorityInterceptor$1.compare(PriorityInterceptor.java:35)
	at utilities.PriorityInterceptor$1.compare(PriorityInterceptor.java:17)
	at java.base/java.util.TimSort.countRunAndMakeAscending(TimSort.java:360)
	at java.base/java.util.TimSort.sort(TimSort.java:220)
	at java.base/java.util.Arrays.sort(Arrays.java:1233)
	at utilities.PriorityInterceptor.intercept(PriorityInterceptor.java:39)
	at org.testng.TestRunner.intercept(TestRunner.java:807)
	at org.testng.TestRunner.privateRun(TestRunner.java:730)
	at org.testng.TestRunner.run(TestRunner.java:596)
	at org.testng.SuiteRunner.runTest(SuiteRunner.java:377)
	at org.testng.SuiteRunner.runSequentially(SuiteRunner.java:371)
	at org.testng.SuiteRunner.privateRun(SuiteRunner.java:332)
	at org.testng.SuiteRunner.run(SuiteRunner.java:276)
	at org.testng.SuiteRunnerWorker.runSuite(SuiteRunnerWorker.java:53)
	at org.testng.SuiteRunnerWorker.run(SuiteRunnerWorker.java:96)
	at org.testng.TestNG.runSuitesSequentially(TestNG.java:1212)
	at org.testng.TestNG.runSuitesLocally(TestNG.java:1134)
	at org.testng.TestNG.runSuites(TestNG.java:1063)
	at org.testng.TestNG.run(TestNG.java:1031)
	at org.apache.maven.surefire.testng.TestNGExecutor.run(TestNGExecutor.java:324)
	at org.apache.maven.surefire.testng.TestNGXmlTestSuite.execute(TestNGXmlTestSuite.java:74)
	at org.apache.maven.surefire.testng.TestNGProvider.invoke(TestNGProvider.java:123)
	at org.apache.maven.surefire.booter.ForkedBooter.runSuitesInProcess(ForkedBooter.java:456)
	at org.apache.maven.surefire.booter.ForkedBooter.execute(ForkedBooter.java:169)
	at org.apache.maven.surefire.booter.ForkedBooter.run(ForkedBooter.java:595)
	at org.apache.maven.surefire.booter.ForkedBooter.main(ForkedBooter.java:581)
]]></system-err>
  </testcase>
  <testcase name="verifyDeletePlaceAPI" classname="org.SampleTest" time="0.272">
    <system-out><![CDATA[Test Case started verifyDeletePlaceAPI
{"place_id/fd/dy[0]":"784450cc97fe8aab66a80f28276f8340"}
Request method:	DELETE
Request URI:	https://rahulshettyacademy.com/maps/api/place/delete/json?key=qaclick123
Proxy:			<none>
Request params:	<none>
Query params:	key=qaclick123
Form params:	<none>
Path params:	<none>
Headers:		Accept=*/*
				Content-Type=application/json
Cookies:		<none>
Multiparts:		<none>
Body:
{
    "place_id/fd/dy[0]": "784450cc97fe8aab66a80f28276f8340"
}
All Steps of Test are completed
Test Case Ended verifyDeletePlaceAPI
]]></system-out>
  </testcase>
  <testcase name="verifyGetPlaceAPI" classname="org.SampleTest" time="0.533">
    <system-out><![CDATA[Test Case started verifyGetPlaceAPI
Request method:	GET
Request URI:	https://rahulshettyacademy.com/maps/api/place/get/json?key=qaclick123&place_id=784450cc97fe8aab66a80f28276f8340
Proxy:			<none>
Request params:	<none>
Query params:	key=qaclick123
				place_id=784450cc97fe8aab66a80f28276f8340
Form params:	<none>
Path params:	<none>
Headers:		Accept=*/*
				Content-Type=application/json
Cookies:		<none>
Multiparts:		<none>
Body:			<none>
All Steps of Test are completed
Test Case Ended verifyGetPlaceAPI
]]></system-out>
  </testcase>
  <testcase name="verifyUpdatePlaceAPI" classname="org.SampleTest" time="0.249">
    <system-out><![CDATA[Test Case started verifyUpdatePlaceAPI
Request method:	PUT
Request URI:	https://rahulshettyacademy.com/maps/api/place/add/json?key=qaclick123&place_id=f4512a2362b2c4fd5b028bf245910bb5
Proxy:			<none>
Request params:	<none>
Query params:	key=qaclick123
				place_id=f4512a2362b2c4fd5b028bf245910bb5
Form params:	<none>
Path params:	<none>
Headers:		Accept=*/*
				Content-Type=application/json
Cookies:		<none>
Multiparts:		<none>
Body:
{
    "location": {
        "lat": -90,
        "lng": 95
    },
    "accuracy": 90,
    "name": "Rahul Mahajan",
    "phone_number": "(91) 983 893 3937",
    "address": "13 B, side layout, cohen 09",
    "types": [
        "joker park",
        "umbrella"
    ],
    "website": "http://rahulshettyacademy.com",
    "language": "French-IN"
}
All Steps of Test are completed
Test Case Ended verifyUpdatePlaceAPI
]]></system-out>
  </testcase>
</testsuite>